<?xml version="1.0" encoding="UTF-8"?>
<testsuites name="jest tests" tests="13" failures="0" errors="0" time="4.608">
  <testsuite name="TaskService" errors="0" failures="0" skipped="0" timestamp="2022-12-04T23:50:44" time="3.27" tests="6">
    <testcase classname="TaskService should be defined" name="TaskService should be defined" time="0.009">
    </testcase>
    <testcase classname="TaskService create should create a new task and save it to the repository" name="TaskService create should create a new task and save it to the repository" time="0.006">
    </testcase>
    <testcase classname="TaskService update should update a task and save it to the repository" name="TaskService update should update a task and save it to the repository" time="0.002">
    </testcase>
    <testcase classname="TaskService remove should remove a task and save it to the repository" name="TaskService remove should remove a task and save it to the repository" time="0.002">
    </testcase>
    <testcase classname="TaskService findAll should return all tasks from the repository" name="TaskService findAll should return all tasks from the repository" time="0.002">
    </testcase>
    <testcase classname="TaskService findOne should return a single task from the repository by its id" name="TaskService findOne should return a single task from the repository by its id" time="0.003">
    </testcase>
  </testsuite>
  <testsuite name="TaskResolver" errors="0" failures="0" skipped="0" timestamp="2022-12-04T23:50:48" time="0.827" tests="6">
    <testcase classname="TaskResolver should be defined" name="TaskResolver should be defined" time="0.009">
    </testcase>
    <testcase classname="TaskResolver createTask should call create on the task service and return the result" name="TaskResolver createTask should call create on the task service and return the result" time="0.003">
    </testcase>
    <testcase classname="TaskResolver update should update a task and save it to the repository" name="TaskResolver update should update a task and save it to the repository" time="0.002">
    </testcase>
    <testcase classname="TaskResolver remove should remove a task and save it to the repository" name="TaskResolver remove should remove a task and save it to the repository" time="0.002">
    </testcase>
    <testcase classname="TaskResolver findAll should call findAll on the task service and return the result" name="TaskResolver findAll should call findAll on the task service and return the result" time="0.002">
    </testcase>
    <testcase classname="TaskResolver findOne should call findOne on the task service and return the result" name="TaskResolver findOne should call findOne on the task service and return the result" time="0.003">
    </testcase>
  </testsuite>
  <testsuite name="AppController" errors="0" failures="0" skipped="0" timestamp="2022-12-04T23:50:48" time="0.395" tests="1">
    <testcase classname="AppController root should return &quot;Hello World!&quot;" name="AppController root should return &quot;Hello World!&quot;" time="0.008">
    </testcase>
  </testsuite>
</testsuites>